<?xml version="1.0" encoding="UTF-8"?>
<testng-results ignored="0" total="1" passed="1" failed="0" skipped="0">
  <reporter-output>
  </reporter-output>
  <suite started-at="2021-05-08T08:11:33Z" name="Default suite" finished-at="2021-05-08T08:13:32Z" duration-ms="119350">
    <groups>
      <group name="cucumber">
        <method signature="AbstractTestNGCucumberTests.feature(cucumber.api.testng.CucumberFeatureWrapper)[pri:0, instance:runner.testRunner@45312be2]" name="feature" class="cucumber.api.testng.AbstractTestNGCucumberTests"/>
      </group> <!-- cucumber -->
    </groups>
    <test started-at="2021-05-08T08:11:33Z" name="Default test" finished-at="2021-05-08T08:13:32Z" duration-ms="119350">
      <class name="runner.testRunner">
        <test-method is-config="true" signature="setUpClass()[pri:0, instance:runner.testRunner@45312be2]" started-at="2021-05-08T08:11:33Z" name="setUpClass" finished-at="2021-05-08T08:11:33Z" duration-ms="446" status="PASS">
          <reporter-output>
          </reporter-output>
        </test-method> <!-- setUpClass -->
        <test-method signature="feature(cucumber.api.testng.CucumberFeatureWrapper)[pri:0, instance:runner.testRunner@45312be2]" started-at="2021-05-08T08:11:33Z" name="feature" description="Runs Cucumber Feature" data-provider="features" finished-at="2021-05-08T08:13:32Z" duration-ms="118612" status="PASS">
          <params>
            <param index="0">
              <value>
                <![CDATA[Shop on asian paints]]>
              </value>
            </param>
          </params>
          <reporter-output>
          </reporter-output>
        </test-method> <!-- feature -->
        <test-method is-config="true" signature="tearDownClass()[pri:0, instance:runner.testRunner@45312be2]" started-at="2021-05-08T08:13:32Z" name="tearDownClass" finished-at="2021-05-08T08:13:32Z" duration-ms="130" status="PASS">
          <reporter-output>
          </reporter-output>
        </test-method> <!-- tearDownClass -->
      </class> <!-- runner.testRunner -->
    </test> <!-- Default test -->
  </suite> <!-- Default suite -->
</testng-results>
